2024-06-06 10:28:50,870 - INFO - 陶喆信息写入MongoDB数据库完毕
2024-06-06 10:28:50,874 - INFO - 准备搜集 陶喆 的微博
2024-06-06 10:28:52,570 - INFO - 已获取用户 陶喆 的微博，内容为 帶同事們體驗一個我很喜歡的運動，泰拳🥊
讓大家感受一下最長的3分鐘 哈哈。順便幫他們解鎖下新膚色🧑🏾🦱😏Muay Thai rocks!#我的健康生活# 
2024-06-06 10:28:52,571 - INFO - 已获取用户 陶喆 的微博，内容为 #永远22毕业歌会全阵容官宣# Hey!我即將要帶著我的《二十二》跨越時空遇見22歲的你🎓空降#永远22毕业歌会#的現場，和大家一起零距離享受音樂🎶我們6月9日19:30見囉！ 
2024-06-06 10:28:52,571 - INFO - ------------------------------已获取陶喆(1630856882)的第1页微博------------------------------
2024-06-06 10:28:52,608 - INFO - 2条微博写入MongoDB数据库完毕
2024-06-06 10:28:52,609 - INFO - 微博爬取完成，共爬取2条微博
2024-06-06 10:28:52,609 - INFO - 信息抓取完毕
2024-06-06 10:28:52,609 - INFO - ****************************************************************************************************
2024-06-06 14:43:03,947 - INFO - 陶喆信息写入MongoDB数据库完毕
2024-06-06 14:43:03,948 - INFO - 准备搜集 陶喆 的微博
2024-06-06 14:43:05,458 - INFO - 已获取用户 陶喆 的微博，内容为 六月想跟大家分享的第一個重要訊息——八月巡演新城市！
上一次在天津開演唱會是什麼時間，好像我自己都不記得了🤣看來的確是太久遠了。大家可以幫我回憶一下嗎🤔之前北京站官宣的時候就有蠻多朋友在問會不會來天津。當然！我自己也很是期待呢！南昌我有記得喔！去年十月是不是好像也有允諾大家我會再來😸那就在六月的第一天，我們定下兩個八月火熱的約定吧👇
《Soul Power II世界巡迴演唱會》
天津站📍
演出時間：8月10日-8月11日19:30
演出地點：天津奧體中心體育館
預購開啟時間：6月7日20:00(Day1)/20:30(Day2)
南昌站📍
演出時間：8月24日-8月25日19:00
演出地點：南昌國際體育中心體育館
預購開啟時間：待解鎖🔒
預購通路：大麥/美團貓眼/票星球/票蜜蜂#陶喆天津演唱会##陶喆南昌演唱会# 
2024-06-06 14:43:06,074 - INFO - 已获取用户 陶喆 的微博，内容为 明天即將上考場的同學們，從現在開始要休息飽、放輕鬆喔☺️從容應對，用最好的狀態發揮✌️預祝大家都可以取得漂亮的成績！高考加油⛽#高考加油时刻#陶喆
 
2024-06-06 14:43:06,076 - INFO - 已获取用户 陶喆 的微博，内容为 帶同事們體驗一個我很喜歡的運動，泰拳🥊
讓大家感受一下最長的3分鐘 哈哈。順便幫他們解鎖下新膚色🧑🏾🦱😏Muay Thai rocks!#我的健康生活# 
2024-06-06 14:43:06,078 - INFO - 已获取用户 陶喆 的微博，内容为 #永远22毕业歌会全阵容官宣# Hey!我即將要帶著我的《二十二》跨越時空遇見22歲的你🎓空降#永远22毕业歌会#的現場，和大家一起零距離享受音樂🎶我們6月9日19:30見囉！ 
2024-06-06 14:43:06,080 - INFO - 已获取用户 陶喆 的微博，内容为 祝所有的大朋友小朋友們兒童節快樂🎈#不管几岁快乐万岁# 
2024-06-06 14:43:06,081 - INFO - ------------------------------已获取陶喆(1630856882)的第1页微博------------------------------
2024-06-06 14:43:06,100 - INFO - 5条微博写入MongoDB数据库完毕
2024-06-06 14:43:06,100 - INFO - 微博爬取完成，共爬取5条微博
2024-06-06 14:43:06,101 - INFO - 信息抓取完毕
2024-06-06 14:43:06,101 - INFO - ****************************************************************************************************
