2024-04-21 10:28:38,331 - INFO - 微博股票 信息写入csv文件完毕，保存路径: C:\Users\legion\Desktop\final\code\backend\spider\weibo\users.csv
2024-04-21 10:28:38,331 - INFO - 准备搜集 微博股票 的微博
2024-04-21 10:28:39,503 - INFO - 正在过滤转发微博
2024-04-21 10:28:39,992 - INFO - 已获取用户 微博股票 的微博，内容为 【#多家基金公司高管变更#】4月20日，四家基金公司公告宣布高管变更事宜。进入二季度以来，公募高管变更呈现升温迹象。4月刚刚过去三分之二，就有16家公募高管发生变动。4月20日，兴银基金发布高管变更公告，涉及新任基金管理公司督察长、离任基金管理公司督察长。同日，明亚基金公告称，公司新任督察长杨飞在4月18日上任。同样在4月20日，西藏东财基金发布公告，其副总经理荀航因个人原因辞职离任，离任日期4 月 20 日。而中加基金也于同日发布高级管理人员变更公告称，孙小妹自4月19日新任公司财务负责人。Wind数据显示，截至4月20日，2024年以来共有56家基金公司发生高管变动，涉及89位高管。（大河财立方）
2024-04-21 10:28:40,499 - INFO - 已获取用户 微博股票 的微博，内容为 【#中欧基金葛兰一季度最新持仓曝光#，#中欧基金葛兰加仓东阿阿胶超80%#】4月20日，中欧基金披露了旗下知名基金经理葛兰三只在管基金一季度报告。以其中规模最大的中欧医疗健康混合为例，调仓换股方面，与去年年末相比，中欧医疗健康混合在一季度减仓恒瑞医药、迈瑞医疗、爱尔眼科、同仁堂、华润三九、泰格医药、片仔癀、康龙化成，加仓了药明康德、东阿阿胶。其中东阿阿胶成为一季度前十大新晋重仓股，凯莱英退出去年四季度末前十大重仓股之列。
值得一提的是，上述重仓股中，葛兰对东阿阿胶的加仓幅度较为明显，对比去年年末的持股量，葛兰在一季度对该股票的加仓幅度超过80%。Choice数据显示，截至4月19日，东阿阿胶的年内涨幅已超过30%。
展望二季度，葛兰表示：“我们依然看好以创新驱动的相关医药产业链。海外方面，尽管2024年降息节奏仍具有不确定性，但整体流动性相对宽松的趋势确定。国内方面，政策持续强化对医药生物领域创新的支持力度。作为新质生产力的重要组成部分，医药创新也是企业布局最为坚定的方向。2023年化药、生物药、中药创新药申请上市的品种数持续增加，2024年有望迎来相关创新药获批上市的高峰期。”
葛兰表示：“我们也积极关注具备竞争力的医疗产业链出海进展。随着医疗器械领域的国际化水平不断推进，一些企业在高价值链领域逐步取得国际突破并占据海外市场机会，主要集中在创新设备、体外诊断等领域。尽管部分企业的国际化进程会受到全球地缘政治形势阶段性变化的影响，但国内创新产业链中优质资产的长期核心竞争力没有改变。”
2024-04-21 10:28:41,005 - INFO - 已获取用户 微博股票 的微博，内容为 【#比特币已完成第四次减半#】#比特币减半矿商一年损失或超100亿美元#数据显示，2024年4月20日8:09，比特币于区块高度840000成功完成第四次减半，比特币网络的挖矿奖励由6.25BTC减半至3.125BTC，上一次减半发生在2020年5月11日。 
什么是比特币减半？据了解，比特币减半是一个大约每四年发生一次的事件，即将“挖掘”比特币交易的奖励减半。比特币市场供应量将从四月下旬开始大幅削减，根据比特币减半前的价格（约6.4万美元/个）计算，整个矿商行业未来一年损失或超100亿美元。（证券时报）
2024-04-21 15:19:11,920 - INFO - 陶喆 信息写入csv文件完毕，保存路径: C:\Users\legion\Desktop\final\code\backend\spider\weibo\users.csv
2024-04-21 15:19:12,321 - INFO - 陶喆信息写入MongoDB数据库完毕
2024-04-21 15:19:12,321 - INFO - 准备搜集 陶喆 的微博
2024-04-21 15:19:14,867 - INFO - 已获取用户 陶喆 的微博，内容为 昨晚開場前說要給大家展示我的功夫，沒想到真的意外上演了一段“鯉魚打挺”，有點不好意思😹
因為這兩天不穩定的雷雨天氣，大家趕來現場都辛苦了，希望昨晚大家都還好
相聚不易，佛山Day2，我依然會努力把我的全部給你們！今晚見囉！#陶喆佛山演唱会##陶喆SoulPowerII世界巡回演唱会# 
2024-04-21 15:19:14,867 - INFO - 已获取用户 陶喆 的微博，内容为 暴雨天氣大家一定要注意安全[合十]慢慢來有序進場～讓我們稍晚些見面，我會一直在這裡等著大家🫶#陶喆佛山演唱会##陶喆SoulPowerII世界巡回演唱会# 
2024-04-21 15:19:14,867 - INFO - 已获取用户 陶喆 的微博，内容为 A-LINK with DT🔗
妹子@天生歌姬A-Lin 今晚在佛山我們一起加油喔！🤘#ALin佛山演唱会##A-Link with Passengers# 
2024-04-21 15:19:14,868 - INFO - 已获取用户 陶喆 的微博，内容为 相信再困難的天氣也阻擋不了我們即將相見的心。大家在來的路上一定要注意安全🙏今晚讓我們互相給彼此Power!#陶喆佛山演唱会##陶喆SoulPowerII世界巡回演唱会# 
2024-04-21 15:19:15,452 - INFO - 正在过滤转发微博
2024-04-21 15:19:16,007 - INFO - 已获取用户 陶喆 的微博，内容为 #我想和你唱收官##我想和你唱# 今晚我回來了！😎和擦肩而過的兄妹搭子@容祖儿 一起回來了！上次來是節目開播的第一期，這次來是第五季的收官夜，竟然也有8年之久了...但大家的熱情不減❤️🔥音樂不停，今晚22:00繼續嗨唱！🤘 
2024-04-21 15:19:16,009 - INFO - ------------------------------已获取陶喆(1630856882)的第1页微博------------------------------
2024-04-21 15:19:16,026 - INFO - 5条微博写入MongoDB数据库完毕
2024-04-21 15:19:16,027 - INFO - 微博爬取完成，共爬取5条微博
2024-04-21 15:19:16,027 - INFO - 信息抓取完毕
2024-04-21 15:19:16,027 - INFO - ****************************************************************************************************
2024-04-21 15:19:32,558 - INFO - 陶喆信息写入MongoDB数据库完毕
2024-04-21 15:19:32,559 - INFO - 准备搜集 陶喆 的微博
2024-04-21 15:19:34,960 - INFO - 已获取用户 陶喆 的微博，内容为 昨晚開場前說要給大家展示我的功夫，沒想到真的意外上演了一段“鯉魚打挺”，有點不好意思😹
因為這兩天不穩定的雷雨天氣，大家趕來現場都辛苦了，希望昨晚大家都還好
相聚不易，佛山Day2，我依然會努力把我的全部給你們！今晚見囉！#陶喆佛山演唱会##陶喆SoulPowerII世界巡回演唱会# 
2024-04-21 15:19:34,961 - INFO - 已获取用户 陶喆 的微博，内容为 暴雨天氣大家一定要注意安全[合十]慢慢來有序進場～讓我們稍晚些見面，我會一直在這裡等著大家🫶#陶喆佛山演唱会##陶喆SoulPowerII世界巡回演唱会# 
2024-04-21 15:19:34,961 - INFO - 已获取用户 陶喆 的微博，内容为 A-LINK with DT🔗
妹子@天生歌姬A-Lin 今晚在佛山我們一起加油喔！🤘#ALin佛山演唱会##A-Link with Passengers# 
2024-04-21 15:19:34,962 - INFO - 已获取用户 陶喆 的微博，内容为 相信再困難的天氣也阻擋不了我們即將相見的心。大家在來的路上一定要注意安全🙏今晚讓我們互相給彼此Power!#陶喆佛山演唱会##陶喆SoulPowerII世界巡回演唱会# 
2024-04-21 15:19:35,481 - INFO - 正在过滤转发微博
2024-04-21 15:19:36,019 - INFO - 已获取用户 陶喆 的微博，内容为 #我想和你唱收官##我想和你唱# 今晚我回來了！😎和擦肩而過的兄妹搭子@容祖儿 一起回來了！上次來是節目開播的第一期，這次來是第五季的收官夜，竟然也有8年之久了...但大家的熱情不減❤️🔥音樂不停，今晚22:00繼續嗨唱！🤘 
2024-04-21 15:19:36,019 - INFO - ------------------------------已获取陶喆(1630856882)的第1页微博------------------------------
2024-04-21 15:19:36,041 - INFO - 5条微博写入MongoDB数据库完毕
2024-04-21 15:19:36,042 - INFO - 微博爬取完成，共爬取5条微博
2024-04-21 15:19:36,042 - INFO - 信息抓取完毕
2024-04-21 15:19:36,042 - INFO - ****************************************************************************************************
